<?xml version="1.0" encoding="UTF-8"?>
<testng-results ignored="0" total="6" passed="6" failed="0" skipped="0">
  <reporter-output>
  </reporter-output>
  <suite started-at="2025-03-26T09:53:31 IST" name="TestSuite1" finished-at="2025-03-26T09:55:49 IST" duration-ms="138440">
    <groups>
      <group name="cucumber">
        <method signature="AbstractTestNGCucumberTests.runScenario(io.cucumber.testng.PickleWrapper,io.cucumber.testng.FeatureWrapper)[pri:0, instance:com.BunnyCart.TestRunner.TestRunner1@7fc4780b]" name="runScenario" class="io.cucumber.testng.AbstractTestNGCucumberTests"/>
        <method signature="AbstractTestNGCucumberTests.runScenario(io.cucumber.testng.PickleWrapper,io.cucumber.testng.FeatureWrapper)[pri:0, instance:com.BunnyCart.TestRunner.TestRunner2@1863d2fe]" name="runScenario" class="io.cucumber.testng.AbstractTestNGCucumberTests"/>
        <method signature="AbstractTestNGCucumberTests.runScenario(io.cucumber.testng.PickleWrapper,io.cucumber.testng.FeatureWrapper)[pri:0, instance:com.BunnyCart.TestRunner.TestRunner3@1787bc24]" name="runScenario" class="io.cucumber.testng.AbstractTestNGCucumberTests"/>
        <method signature="AbstractTestNGCucumberTests.runScenario(io.cucumber.testng.PickleWrapper,io.cucumber.testng.FeatureWrapper)[pri:0, instance:com.BunnyCart.TestRunner.TestRunner4@544d57e]" name="runScenario" class="io.cucumber.testng.AbstractTestNGCucumberTests"/>
        <method signature="AbstractTestNGCucumberTests.runScenario(io.cucumber.testng.PickleWrapper,io.cucumber.testng.FeatureWrapper)[pri:0, instance:com.BunnyCart.TestRunner.TestRunner5@55c53a33]" name="runScenario" class="io.cucumber.testng.AbstractTestNGCucumberTests"/>
      </group> <!-- cucumber -->
    </groups>
    <test started-at="2025-03-26T09:53:31 IST" name="Test" finished-at="2025-03-26T09:55:49 IST" duration-ms="138440">
      <class name="com.BunnyCart.TestRunner.TestRunner2">
        <test-method is-config="true" signature="setUpClass(org.testng.ITestContext)[pri:0, instance:com.BunnyCart.TestRunner.TestRunner2@1863d2fe]" started-at="2025-03-26T09:53:44 IST" name="setUpClass" finished-at="2025-03-26T09:53:44 IST" duration-ms="16" status="PASS">
          <params>
            <param index="0">
              <value>
                <![CDATA[org.testng.TestRunner@216328b2]]>
              </value>
            </param>
          </params>
          <reporter-output>
          </reporter-output>
        </test-method> <!-- setUpClass -->
        <test-method signature="runScenario(io.cucumber.testng.PickleWrapper,io.cucumber.testng.FeatureWrapper)[pri:0, instance:com.BunnyCart.TestRunner.TestRunner2@1863d2fe]" started-at="2025-03-26T09:53:44 IST" name="runScenario" description="Runs Cucumber Scenarios" data-provider="scenarios" finished-at="2025-03-26T09:54:26 IST" duration-ms="41643" status="PASS">
          <params>
            <param index="0">
              <value>
                <![CDATA["To check Sign in, search for a product, and add to cart"]]>
              </value>
            </param>
            <param index="1">
              <value>
                <![CDATA["Unknown"]]>
              </value>
            </param>
          </params>
          <reporter-output>
          </reporter-output>
        </test-method> <!-- runScenario -->
        <test-method is-config="true" signature="tearDownClass()[pri:0, instance:com.BunnyCart.TestRunner.TestRunner2@1863d2fe]" started-at="2025-03-26T09:54:26 IST" name="tearDownClass" finished-at="2025-03-26T09:54:26 IST" duration-ms="19" status="PASS">
          <reporter-output>
          </reporter-output>
        </test-method> <!-- tearDownClass -->
      </class> <!-- com.BunnyCart.TestRunner.TestRunner2 -->
      <class name="com.BunnyCart.TestRunner.TestRunner1">
        <test-method is-config="true" signature="setUpClass(org.testng.ITestContext)[pri:0, instance:com.BunnyCart.TestRunner.TestRunner1@7fc4780b]" started-at="2025-03-26T09:53:31 IST" name="setUpClass" finished-at="2025-03-26T09:53:31 IST" duration-ms="556" status="PASS">
          <params>
            <param index="0">
              <value>
                <![CDATA[org.testng.TestRunner@216328b2]]>
              </value>
            </param>
          </params>
          <reporter-output>
          </reporter-output>
        </test-method> <!-- setUpClass -->
        <test-method signature="runScenario(io.cucumber.testng.PickleWrapper,io.cucumber.testng.FeatureWrapper)[pri:0, instance:com.BunnyCart.TestRunner.TestRunner1@7fc4780b]" started-at="2025-03-26T09:53:31 IST" name="runScenario" description="Runs Cucumber Scenarios" data-provider="scenarios" finished-at="2025-03-26T09:53:38 IST" duration-ms="6424" status="PASS">
          <params>
            <param index="0">
              <value>
                <![CDATA["To check invalid data registration"]]>
              </value>
            </param>
            <param index="1">
              <value>
                <![CDATA["User Registration"]]>
              </value>
            </param>
          </params>
          <reporter-output>
          </reporter-output>
        </test-method> <!-- runScenario -->
        <test-method signature="runScenario(io.cucumber.testng.PickleWrapper,io.cucumber.testng.FeatureWrapper)[pri:0, instance:com.BunnyCart.TestRunner.TestRunner1@7fc4780b]" started-at="2025-03-26T09:53:38 IST" name="runScenario" description="Runs Cucumber Scenarios" data-provider="scenarios" finished-at="2025-03-26T09:53:44 IST" duration-ms="5969" status="PASS">
          <params>
            <param index="0">
              <value>
                <![CDATA["To check User registration with valid data"]]>
              </value>
            </param>
            <param index="1">
              <value>
                <![CDATA["User Registration"]]>
              </value>
            </param>
          </params>
          <reporter-output>
          </reporter-output>
        </test-method> <!-- runScenario -->
        <test-method is-config="true" signature="tearDownClass()[pri:0, instance:com.BunnyCart.TestRunner.TestRunner1@7fc4780b]" started-at="2025-03-26T09:53:44 IST" name="tearDownClass" finished-at="2025-03-26T09:53:44 IST" duration-ms="33" status="PASS">
          <reporter-output>
          </reporter-output>
        </test-method> <!-- tearDownClass -->
      </class> <!-- com.BunnyCart.TestRunner.TestRunner1 -->
      <class name="com.BunnyCart.TestRunner.TestRunner4">
        <test-method is-config="true" signature="setUpClass(org.testng.ITestContext)[pri:0, instance:com.BunnyCart.TestRunner.TestRunner4@544d57e]" started-at="2025-03-26T09:54:38 IST" name="setUpClass" finished-at="2025-03-26T09:54:38 IST" duration-ms="17" status="PASS">
          <params>
            <param index="0">
              <value>
                <![CDATA[org.testng.TestRunner@216328b2]]>
              </value>
            </param>
          </params>
          <reporter-output>
          </reporter-output>
        </test-method> <!-- setUpClass -->
        <test-method signature="runScenario(io.cucumber.testng.PickleWrapper,io.cucumber.testng.FeatureWrapper)[pri:0, instance:com.BunnyCart.TestRunner.TestRunner4@544d57e]" started-at="2025-03-26T09:54:38 IST" name="runScenario" description="Runs Cucumber Scenarios" data-provider="scenarios" finished-at="2025-03-26T09:55:36 IST" duration-ms="57958" status="PASS">
          <params>
            <param index="0">
              <value>
                <![CDATA["To check Sign In, search for a product, and add to cart"]]>
              </value>
            </param>
            <param index="1">
              <value>
                <![CDATA["Unknown"]]>
              </value>
            </param>
          </params>
          <reporter-output>
          </reporter-output>
        </test-method> <!-- runScenario -->
        <test-method is-config="true" signature="tearDownClass()[pri:0, instance:com.BunnyCart.TestRunner.TestRunner4@544d57e]" started-at="2025-03-26T09:55:36 IST" name="tearDownClass" finished-at="2025-03-26T09:55:36 IST" duration-ms="13" status="PASS">
          <reporter-output>
          </reporter-output>
        </test-method> <!-- tearDownClass -->
      </class> <!-- com.BunnyCart.TestRunner.TestRunner4 -->
      <class name="com.BunnyCart.TestRunner.TestRunner3">
        <test-method is-config="true" signature="setUpClass(org.testng.ITestContext)[pri:0, instance:com.BunnyCart.TestRunner.TestRunner3@1787bc24]" started-at="2025-03-26T09:54:26 IST" name="setUpClass" finished-at="2025-03-26T09:54:26 IST" duration-ms="20" status="PASS">
          <params>
            <param index="0">
              <value>
                <![CDATA[org.testng.TestRunner@216328b2]]>
              </value>
            </param>
          </params>
          <reporter-output>
          </reporter-output>
        </test-method> <!-- setUpClass -->
        <test-method signature="runScenario(io.cucumber.testng.PickleWrapper,io.cucumber.testng.FeatureWrapper)[pri:0, instance:com.BunnyCart.TestRunner.TestRunner3@1787bc24]" started-at="2025-03-26T09:54:26 IST" name="runScenario" description="Runs Cucumber Scenarios" data-provider="scenarios" finished-at="2025-03-26T09:54:38 IST" duration-ms="12520" status="PASS">
          <params>
            <param index="0">
              <value>
                <![CDATA["To check the signin account page with valid and invalid data"]]>
              </value>
            </param>
            <param index="1">
              <value>
                <![CDATA["Unknown"]]>
              </value>
            </param>
          </params>
          <reporter-output>
          </reporter-output>
        </test-method> <!-- runScenario -->
        <test-method is-config="true" signature="tearDownClass()[pri:0, instance:com.BunnyCart.TestRunner.TestRunner3@1787bc24]" started-at="2025-03-26T09:54:38 IST" name="tearDownClass" finished-at="2025-03-26T09:54:38 IST" duration-ms="22" status="PASS">
          <reporter-output>
          </reporter-output>
        </test-method> <!-- tearDownClass -->
      </class> <!-- com.BunnyCart.TestRunner.TestRunner3 -->
      <class name="com.BunnyCart.TestRunner.TestRunner5">
        <test-method is-config="true" signature="setUpClass(org.testng.ITestContext)[pri:0, instance:com.BunnyCart.TestRunner.TestRunner5@55c53a33]" started-at="2025-03-26T09:55:36 IST" name="setUpClass" finished-at="2025-03-26T09:55:36 IST" duration-ms="24" status="PASS">
          <params>
            <param index="0">
              <value>
                <![CDATA[org.testng.TestRunner@216328b2]]>
              </value>
            </param>
          </params>
          <reporter-output>
          </reporter-output>
        </test-method> <!-- setUpClass -->
        <test-method signature="runScenario(io.cucumber.testng.PickleWrapper,io.cucumber.testng.FeatureWrapper)[pri:0, instance:com.BunnyCart.TestRunner.TestRunner5@55c53a33]" started-at="2025-03-26T09:55:36 IST" name="runScenario" description="Runs Cucumber Scenarios" data-provider="scenarios" finished-at="2025-03-26T09:55:49 IST" duration-ms="13049" status="PASS">
          <params>
            <param index="0">
              <value>
                <![CDATA["To check User click on sign out"]]>
              </value>
            </param>
            <param index="1">
              <value>
                <![CDATA["Unknown"]]>
              </value>
            </param>
          </params>
          <reporter-output>
          </reporter-output>
        </test-method> <!-- runScenario -->
        <test-method is-config="true" signature="tearDownClass()[pri:0, instance:com.BunnyCart.TestRunner.TestRunner5@55c53a33]" started-at="2025-03-26T09:55:49 IST" name="tearDownClass" finished-at="2025-03-26T09:55:49 IST" duration-ms="13" status="PASS">
          <reporter-output>
          </reporter-output>
        </test-method> <!-- tearDownClass -->
      </class> <!-- com.BunnyCart.TestRunner.TestRunner5 -->
    </test> <!-- Test -->
  </suite> <!-- TestSuite1 -->
</testng-results>
