<?xml version="1.0" encoding="UTF-8"?>
<testsuite xmlns:xsi="http://www.w3.org/2001/XMLSchema-instance" xsi:noNamespaceSchemaLocation="https://maven.apache.org/surefire/maven-surefire-plugin/xsd/surefire-test-report-3.0.xsd" version="3.0" name="TestSuite" time="139.859" tests="6" errors="0" skipped="0" failures="0">
  <properties>
[...]
</properties>
  <testcase name="runScenario[&quot;To check invalid data registration&quot;, &quot;User Registration&quot;](1)" classname="com.BunnyCart.TestRunner.TestRunner1" time="6.493">
    <system-out><![CDATA[
Scenario: To check invalid data registration                                       # src/test/resources/com.BunnyCart.Feature/Login.feature:8
  Given User opens the Browser                                                     # com.BunnyCart.StepDefinition.Registration_StepDefinition1.user_opens_the_browser()
  And User navigates to the "https://www.bunnycart.com/" webpage to open home page # com.BunnyCart.StepDefinition.Registration_StepDefinition1.user_navigates_to_the_webpage_to_open_home_page(java.lang.String)
  And User click on create account button                                          # com.BunnyCart.StepDefinition.Registration_StepDefinition1.user_click_on_create_account_button()
  And User enters '<First name>' the First name                                    # com.BunnyCart.StepDefinition.Registration_StepDefinition1.user_enters_the_first_name(java.lang.String)
  And User enters '<Last name>' the Last name                                      # com.BunnyCart.StepDefinition.Registration_StepDefinition1.user_enters_the_last_name(java.lang.String)
  And User enters '<Email>' the email                                              # com.BunnyCart.StepDefinition.Registration_StepDefinition1.user_enters_the_email(java.lang.String)
  And User enter '<Password>' the password                                         # com.BunnyCart.StepDefinition.Registration_StepDefinition1.user_enter_the_password(java.lang.String)
  And User enter Invalid '<Confirm Password>' the confirm Password                 # com.BunnyCart.StepDefinition.Registration_StepDefinition1.user_enter_invalid_the_confirm_password(java.lang.String)
  And User enter '<WhastsUp Number>' the whatsup Number                            # com.BunnyCart.StepDefinition.Registration_StepDefinition1.user_enter_the_whatsup_number(java.lang.String)
  And User click on the create an Account button                                   # com.BunnyCart.StepDefinition.Registration_StepDefinition1.user_click_on_the_create_an_account_button()
  Then User verify an error message                                                # com.BunnyCart.StepDefinition.Registration_StepDefinition1.user_verify_an_error_message()
  And User closes the browser                                                      # com.BunnyCart.StepDefinition.Registration_StepDefinition1.user_closes_the_browser()
]]></system-out>
    <system-err><![CDATA[SLF4J: Failed to load class "org.slf4j.impl.StaticLoggerBinder".
SLF4J: Defaulting to no-operation (NOP) logger implementation
SLF4J: See http://www.slf4j.org/codes.html#StaticLoggerBinder for further details.
Mar 26, 2025 9:53:34 AM org.openqa.selenium.devtools.CdpVersionFinder findNearestMatch
WARNING: Unable to find an exact match for CDP version 134, returning the closest version; found: 133; Please update to a Selenium version that supports CDP version 134
]]></system-err>
  </testcase>
  <testcase name="runScenario[&quot;To check User registration with valid data&quot;, &quot;User Registration&quot;](2)" classname="com.BunnyCart.TestRunner.TestRunner1" time="5.974">
    <system-out><![CDATA[
Scenario Outline: To check User registration with valid data                       # src/test/resources/com.BunnyCart.Feature/Login.feature:32
  Given User opens the Browser                                                     # com.BunnyCart.StepDefinition.Registration_StepDefinition1.user_opens_the_browser()
  And User navigates to the "https://www.bunnycart.com/" webpage to open home page # com.BunnyCart.StepDefinition.Registration_StepDefinition1.user_navigates_to_the_webpage_to_open_home_page(java.lang.String)
  And User click on create account button                                          # com.BunnyCart.StepDefinition.Registration_StepDefinition1.user_click_on_create_account_button()
  And User enters 'Prathap' the First name                                         # com.BunnyCart.StepDefinition.Registration_StepDefinition1.user_enters_the_first_name(java.lang.String)
  And User enters 'Beri' the Last name                                             # com.BunnyCart.StepDefinition.Registration_StepDefinition1.user_enters_the_last_name(java.lang.String)
  And User enters 'prathapberi@gmail.com' the email                                # com.BunnyCart.StepDefinition.Registration_StepDefinition1.user_enters_the_email(java.lang.String)
  And User enter 'Prathap@123' the password                                        # com.BunnyCart.StepDefinition.Registration_StepDefinition1.user_enter_the_password(java.lang.String)
  And User enter  'Prathap@123' the confirm Password                               # com.BunnyCart.StepDefinition.Registration_StepDefinition1.user_enter_the_confirm_password(java.lang.String)
  And User enter '<WhastsUp Number>' the whatsup Number                            # com.BunnyCart.StepDefinition.Registration_StepDefinition1.user_enter_the_whatsup_number(java.lang.String)
  And User click on the create an Account button                                   # com.BunnyCart.StepDefinition.Registration_StepDefinition1.user_click_on_the_create_an_account_button()
  Then User verify an error message                                                # com.BunnyCart.StepDefinition.Registration_StepDefinition1.user_verify_an_error_message()
  And User closes the browser                                                      # com.BunnyCart.StepDefinition.Registration_StepDefinition1.user_closes_the_browser()
]]></system-out>
    <system-err><![CDATA[Mar 26, 2025 9:53:39 AM org.openqa.selenium.devtools.CdpVersionFinder findNearestMatch
WARNING: Unable to find an exact match for CDP version 134, returning the closest version; found: 133; Please update to a Selenium version that supports CDP version 134
]]></system-err>
  </testcase>
  <testcase name="runScenario[&quot;To check Sign in, search for a product, and add to cart&quot;, &quot;Unknown&quot;](1)" classname="com.BunnyCart.TestRunner.TestRunner2" time="41.649">
    <system-out><![CDATA[
Scenario: To check Sign in, search for a product, and add to cart                  # src/test/resources/com.BunnyCart.Feature/AddProduct.feature:18
  Given User opens the Browser                                                     # com.BunnyCart.StepDefinition.Registration_StepDefinition1.user_opens_the_browser()
  And User navigates to the "https://www.bunnycart.com/" webpage to open home page # com.BunnyCart.StepDefinition.Registration_StepDefinition1.user_navigates_to_the_webpage_to_open_home_page(java.lang.String)
  And User clicks on Sign In                                                       # com.BunnyCart.StepDefinition.AddProducts_StepDefinition2.user_clicks_on_sign_in()
  And User enter 'veenaprathapberi@gmail.com' the email                            # com.BunnyCart.StepDefinition.AddProducts_StepDefinition2.user_enter_the_email(java.lang.String)
  And User enters 'Veena@2001' the password                                        # com.BunnyCart.StepDefinition.AddProducts_StepDefinition2.user_enters_the_password(java.lang.String)
Sign In button clicked.
  And User clicks on sign in button                                                # com.BunnyCart.StepDefinition.AddProducts_StepDefinition2.user_clicks_on_sign_in_button()
  When User Search for a product "Dwarf hairgrass" in search textbox               # com.BunnyCart.StepDefinition.AddProducts_StepDefinition2.user_search_for_a_product_in_search_textbox(java.lang.String)
  And User select product from the search results                                  # com.BunnyCart.StepDefinition.AddProducts_StepDefinition2.user_select_product_from_the_search_results()
  And User clicks on Netpot option                                                 # com.BunnyCart.StepDefinition.AddProducts_StepDefinition2.user_clicks_on_netpot_option()
  And User clicks on Add to Cart                                                   # com.BunnyCart.StepDefinition.AddProducts_StepDefinition2.user_clicks_on_add_to_cart()
The product is added to the cart successfully.
  Then User verifies that the product is added to the cart message                 # com.BunnyCart.StepDefinition.AddProducts_StepDefinition2.user_verifies_that_the_product_is_added_to_the_cart_message()
Closing the Browser
  And User closes the Browser                                                      # com.BunnyCart.StepDefinition.AddProducts_StepDefinition2.user_closes_the_browser()
]]></system-out>
    <system-err><![CDATA[Mar 26, 2025 9:53:45 AM org.openqa.selenium.devtools.CdpVersionFinder findNearestMatch
WARNING: Unable to find an exact match for CDP version 134, returning the closest version; found: 133; Please update to a Selenium version that supports CDP version 134
]]></system-err>
  </testcase>
  <testcase name="runScenario[&quot;To check the signin account page with valid and invalid data&quot;, &quot;Unknown&quot;](1)" classname="com.BunnyCart.TestRunner.TestRunner3" time="12.52">
    <system-out><![CDATA[
Scenario Outline: To check the signin account page with valid and invalid data # src/test/resources/com.BunnyCart.Feature/SignIn.feature:15
  Given User opens the browser                                                 # com.BunnyCart.StepDefinition.SignIn_StepDefinition3.user_opens_the_browser()
  And User navigates to the application Url "https://www.bunnycart.com"        # com.BunnyCart.StepDefinition.SignIn_StepDefinition3.user_navigates_to_the_application_url(java.lang.String)
  When User clicks the link homepagesignin an account                          # com.BunnyCart.StepDefinition.SignIn_StepDefinition3.user_clicks_the_link_homepagesignin_an_account()
  And User enters a invalid 'veenaberi.com' in email textbox                   # com.BunnyCart.StepDefinition.SignIn_StepDefinition3.user_enters_a_invalid_in_email_textbox(java.lang.String)
  And User enters a valid 'Veena@2001' in password textbox                     # com.BunnyCart.StepDefinition.SignIn_StepDefinition3.user_enters_a_valid_in_password_textbox(java.lang.String)
  And User clicks signin  account button.                                      # com.BunnyCart.StepDefinition.SignIn_StepDefinition3.user_clicks_signin_account_button()
  When User re-enters a email with valid data 'veenaprathapberi@gmail.com'     # com.BunnyCart.StepDefinition.SignIn_StepDefinition3.user_re_enters_a_email_with_valid_data(java.lang.String)
  And User clicks signin button.                                               # com.BunnyCart.StepDefinition.SignIn_StepDefinition3.user_clicks_signin_button()
  And User closes the browser                                                  # com.BunnyCart.StepDefinition.Registration_StepDefinition1.user_closes_the_browser()
]]></system-out>
    <system-err><![CDATA[Mar 26, 2025 9:54:27 AM org.openqa.selenium.devtools.CdpVersionFinder findNearestMatch
WARNING: Unable to find an exact match for CDP version 134, returning the closest version; found: 133; Please update to a Selenium version that supports CDP version 134
]]></system-err>
  </testcase>
  <testcase name="runScenario[&quot;To check Sign In, search for a product, and add to cart&quot;, &quot;Unknown&quot;](1)" classname="com.BunnyCart.TestRunner.TestRunner4" time="57.962">
    <system-out><![CDATA[
Scenario: To check Sign In, search for a product, and add to cart                  # src/test/resources/com.BunnyCart.Feature/MultipleProducts.feature:23
  Given User opens the Browser                                                     # com.BunnyCart.StepDefinition.Registration_StepDefinition1.user_opens_the_browser()
  And User navigates to the "https://www.bunnycart.com/" webpage to open home page # com.BunnyCart.StepDefinition.Registration_StepDefinition1.user_navigates_to_the_webpage_to_open_home_page(java.lang.String)
  And User clicks on Sign In                                                       # com.BunnyCart.StepDefinition.AddProducts_StepDefinition2.user_clicks_on_sign_in()
  And User enter 'veenaprathapberi@gmail.com' the email                            # com.BunnyCart.StepDefinition.AddProducts_StepDefinition2.user_enter_the_email(java.lang.String)
  And User enters 'Veena@2001' the password                                        # com.BunnyCart.StepDefinition.AddProducts_StepDefinition2.user_enters_the_password(java.lang.String)
Sign In button clicked.
  And User clicks on sign in button                                                # com.BunnyCart.StepDefinition.AddProducts_StepDefinition2.user_clicks_on_sign_in_button()
  When User Search for a product "Dwarf hairgrass" in search textbox               # com.BunnyCart.StepDefinition.AddProducts_StepDefinition2.user_search_for_a_product_in_search_textbox(java.lang.String)
  And User select product from the search results                                  # com.BunnyCart.StepDefinition.AddProducts_StepDefinition2.user_select_product_from_the_search_results()
  And User clicks on Netpot option                                                 # com.BunnyCart.StepDefinition.AddProducts_StepDefinition2.user_clicks_on_netpot_option()
  And User clicks on Add to Cart                                                   # com.BunnyCart.StepDefinition.AddProducts_StepDefinition2.user_clicks_on_add_to_cart()
The product is added to the cart successfully.
  Then User verifies that the product is added to the cart message                 # com.BunnyCart.StepDefinition.AddProducts_StepDefinition2.user_verifies_that_the_product_is_added_to_the_cart_message()
  When User searches for another product "Nitella" in the search textbox           # com.BunnyCart.StepDefinition.AddProducts_StepDefinition2.user_searches_for_another_product_in_the_search_textbox(java.lang.String)
  And User selects the nitella product from the search results                     # com.BunnyCart.StepDefinition.AddProducts_StepDefinition2.user_selects_the_product_from_the_search_results()
  And User clicks on Add to Cart                                                   # com.BunnyCart.StepDefinition.AddProducts_StepDefinition2.user_clicks_on_add_to_cart()
The product is added to the cart successfully.
  Then User verifies that the product is added to the cart message                 # com.BunnyCart.StepDefinition.AddProducts_StepDefinition2.user_verifies_that_the_product_is_added_to_the_cart_message()
Closing the Browser
  And User closes the Browser                                                      # com.BunnyCart.StepDefinition.AddProducts_StepDefinition2.user_closes_the_browser()
]]></system-out>
    <system-err><![CDATA[Mar 26, 2025 9:54:39 AM org.openqa.selenium.devtools.CdpVersionFinder findNearestMatch
WARNING: Unable to find an exact match for CDP version 134, returning the closest version; found: 133; Please update to a Selenium version that supports CDP version 134
]]></system-err>
  </testcase>
  <testcase name="runScenario[&quot;To check User click on sign out&quot;, &quot;Unknown&quot;](1)" classname="com.BunnyCart.TestRunner.TestRunner5" time="13.054">
    <system-out><![CDATA[
Scenario: To check User click on sign out                                          # src/test/resources/com.BunnyCart.Feature/Scenario5SignInAndSignOut.feature:14
  Given User opens the Browser                                                     # com.BunnyCart.StepDefinition.Registration_StepDefinition1.user_opens_the_browser()
  And User navigates to the "https://www.bunnycart.com/" webpage to open home page # com.BunnyCart.StepDefinition.Registration_StepDefinition1.user_navigates_to_the_webpage_to_open_home_page(java.lang.String)
  And User click on sign in                                                        # com.BunnyCart.StepDefinition.Scenario5_SigninAndSignOut.user_click_on_sign_in()
  And User enters valid 'veenaprathapberi@gmail.com' email                         # com.BunnyCart.StepDefinition.Scenario5_SigninAndSignOut.user_enters_valid_email(java.lang.String)
  And User enters valid 'Veena@2001' password                                      # com.BunnyCart.StepDefinition.Scenario5_SigninAndSignOut.user_enters_valid_password(java.lang.String)
  And User click on sign in button                                                 # com.BunnyCart.StepDefinition.Scenario5_SigninAndSignOut.user_click_on_sign_in_button()
  And User click on sign out button                                                # com.BunnyCart.StepDefinition.Scenario5_SigninAndSignOut.user_click_on_sign_out_button()
  And User closes the browser                                                      # com.BunnyCart.StepDefinition.Registration_StepDefinition1.user_closes_the_browser()
]]></system-out>
    <system-err><![CDATA[Mar 26, 2025 9:55:38 AM org.openqa.selenium.devtools.CdpVersionFinder findNearestMatch
WARNING: Unable to find an exact match for CDP version 134, returning the closest version; found: 133; Please update to a Selenium version that supports CDP version 134
]]></system-err>
  </testcase>
</testsuite>