<?xml version="1.0" encoding="UTF-8"?>
<testng-results ignored="0" total="1" passed="1" failed="0" skipped="0">
  <reporter-output>
  </reporter-output>
  <suite started-at="2025-03-26T09:56:17 IST" name="Default suite" finished-at="2025-03-26T09:56:56 IST" duration-ms="39041">
    <groups>
      <group name="cucumber">
        <method signature="AbstractTestNGCucumberTests.runScenario(io.cucumber.testng.PickleWrapper,io.cucumber.testng.FeatureWrapper)[pri:0, instance:com.BunnyCart.TestRunner.TestRunner2@6dd7b5a3]" name="runScenario" class="io.cucumber.testng.AbstractTestNGCucumberTests"/>
      </group> <!-- cucumber -->
    </groups>
    <test started-at="2025-03-26T09:56:17 IST" name="Default test" finished-at="2025-03-26T09:56:56 IST" duration-ms="39041">
      <class name="com.BunnyCart.TestRunner.TestRunner2">
        <test-method is-config="true" signature="setUpClass(org.testng.ITestContext)[pri:0, instance:com.BunnyCart.TestRunner.TestRunner2@6dd7b5a3]" started-at="2025-03-26T09:56:17 IST" name="setUpClass" finished-at="2025-03-26T09:56:18 IST" duration-ms="618" status="PASS">
          <params>
            <param index="0">
              <value>
                <![CDATA[org.testng.TestRunner@7af0affa]]>
              </value>
            </param>
          </params>
          <reporter-output>
          </reporter-output>
        </test-method> <!-- setUpClass -->
        <test-method signature="runScenario(io.cucumber.testng.PickleWrapper,io.cucumber.testng.FeatureWrapper)[pri:0, instance:com.BunnyCart.TestRunner.TestRunner2@6dd7b5a3]" started-at="2025-03-26T09:56:18 IST" name="runScenario" description="Runs Cucumber Scenarios" data-provider="scenarios" finished-at="2025-03-26T09:56:56 IST" duration-ms="38218" status="PASS">
          <params>
            <param index="0">
              <value>
                <![CDATA["To check Sign in, search for a product, and add to cart"]]>
              </value>
            </param>
            <param index="1">
              <value>
                <![CDATA["Unknown"]]>
              </value>
            </param>
          </params>
          <reporter-output>
          </reporter-output>
        </test-method> <!-- runScenario -->
        <test-method is-config="true" signature="tearDownClass()[pri:0, instance:com.BunnyCart.TestRunner.TestRunner2@6dd7b5a3]" started-at="2025-03-26T09:56:56 IST" name="tearDownClass" finished-at="2025-03-26T09:56:56 IST" duration-ms="39" status="PASS">
          <reporter-output>
          </reporter-output>
        </test-method> <!-- tearDownClass -->
      </class> <!-- com.BunnyCart.TestRunner.TestRunner2 -->
    </test> <!-- Default test -->
  </suite> <!-- Default suite -->
</testng-results>
